<?xml version="1.0" encoding="UTF-8"?>
<!-- Generated by org.testng.reporters.JUnitReportReporter -->
<testsuite skipped="0" hostname="DESKTOP-4ALDDK7" name="com.crm.SDET292929.CreateOrgTest" tests="1" failures="0" timestamp="28 Jan 2022 06:50:12 GMT" time="0.019" errors="0">
  <testcase name="createorgTest" time="0.019" classname="com.crm.SDET292929.CreateOrgTest"/>
</testsuite> <!-- com.crm.SDET292929.CreateOrgTest -->
